CRITICAL - 2023-05-18 02:13:50 --> Undefined variable $countUser
in APPPATH\Views\pages\index.php on line 13.
 1 APPPATH\Views\pages\index.php(13): CodeIgniter\Debug\Exceptions->errorHandler(2, 'Undefined variable $countUser', 'C:\\xampp\\htdocs\\Mytivi\\app\\Views\\pages\\index.php', 13)
 2 SYSTEMPATH\View\View.php(213): include('C:\\xampp\\htdocs\\Mytivi\\app\\Views\\pages\\index.php')
 3 SYSTEMPATH\View\View.php(216): CodeIgniter\View\View->CodeIgniter\View\{closure}()
 4 SYSTEMPATH\Common.php(1184): CodeIgniter\View\View->render('pages/index', [], true)
 5 APPPATH\Controllers\BaseController.php(65): view('pages/index', [])
 6 APPPATH\Controllers\HomeController.php(13): App\Controllers\BaseController->loadMasterLayout([...], 'Trang chủ', 'pages/index', [], [], [])
 7 SYSTEMPATH\CodeIgniter.php(934): App\Controllers\HomeController->index()
 8 SYSTEMPATH\CodeIgniter.php(499): CodeIgniter\CodeIgniter->runController(Object(App\Controllers\HomeController))
 9 SYSTEMPATH\CodeIgniter.php(368): CodeIgniter\CodeIgniter->handleRequest(null, Object(Config\Cache), false)
10 FCPATH\index.php(68): CodeIgniter\CodeIgniter->run()
CRITICAL - 2023-05-18 02:21:03 --> Undefined variable $countUser
in APPPATH\Views\pages\index.php on line 13.
 1 APPPATH\Views\pages\index.php(13): CodeIgniter\Debug\Exceptions->errorHandler(2, 'Undefined variable $countUser', 'C:\\xampp\\htdocs\\Mytivi\\app\\Views\\pages\\index.php', 13)
 2 SYSTEMPATH\View\View.php(213): include('C:\\xampp\\htdocs\\Mytivi\\app\\Views\\pages\\index.php')
 3 SYSTEMPATH\View\View.php(216): CodeIgniter\View\View->CodeIgniter\View\{closure}()
 4 SYSTEMPATH\Common.php(1184): CodeIgniter\View\View->render('pages/index', [], true)
 5 APPPATH\Controllers\BaseController.php(65): view('pages/index', [...])
 6 APPPATH\Controllers\HomeController.php(21): App\Controllers\BaseController->loadMasterLayout([...], 'Trang chủ', 'pages/index', [...], [], [])
 7 SYSTEMPATH\CodeIgniter.php(934): App\Controllers\HomeController->index()
 8 SYSTEMPATH\CodeIgniter.php(499): CodeIgniter\CodeIgniter->runController(Object(App\Controllers\HomeController))
 9 SYSTEMPATH\CodeIgniter.php(368): CodeIgniter\CodeIgniter->handleRequest(null, Object(Config\Cache), false)
10 FCPATH\index.php(68): CodeIgniter\CodeIgniter->run()
