CRITICAL - 2023-06-05 01:17:48 --> Undefined array key "schedule_id"
in APPPATH\Services\ScheduleService.php on line 74.
 1 APPPATH\Services\ScheduleService.php(74): CodeIgniter\Debug\Exceptions->errorHandler(2, 'Undefined array key "schedule_id"', 'C:\\xampp\\htdocs\\Mytivi\\app\\Services\\ScheduleService.php', 74)
 2 APPPATH\Controllers\ScheduleController.php(50): App\Services\ScheduleService->updateSchedule(Object(CodeIgniter\HTTP\IncomingRequest))
 3 SYSTEMPATH\CodeIgniter.php(934): App\Controllers\ScheduleController->update()
 4 SYSTEMPATH\CodeIgniter.php(499): CodeIgniter\CodeIgniter->runController(Object(App\Controllers\ScheduleController))
 5 SYSTEMPATH\CodeIgniter.php(368): CodeIgniter\CodeIgniter->handleRequest(null, Object(Config\Cache), false)
 6 FCPATH\index.php(68): CodeIgniter\CodeIgniter->run()
ERROR - 2023-06-05 01:19:45 --> mysqli_sql_exception: Unknown column 'schedule_id' in 'where clause' in C:\xampp\htdocs\Mytivi\system\Database\MySQLi\Connection.php:295
Stack trace:
#0 C:\xampp\htdocs\Mytivi\system\Database\MySQLi\Connection.php(295): mysqli->query('SELECT *\nFROM `...', 0)
#1 C:\xampp\htdocs\Mytivi\system\Database\BaseConnection.php(691): CodeIgniter\Database\MySQLi\Connection->execute('SELECT *\nFROM `...')
#2 C:\xampp\htdocs\Mytivi\system\Database\BaseConnection.php(605): CodeIgniter\Database\BaseConnection->simpleQuery('SELECT *\nFROM `...')
#3 C:\xampp\htdocs\Mytivi\system\Database\BaseBuilder.php(1616): CodeIgniter\Database\BaseConnection->query('SELECT *\nFROM `...', Array, false)
#4 C:\xampp\htdocs\Mytivi\system\Model.php(268): CodeIgniter\Database\BaseBuilder->get()
#5 C:\xampp\htdocs\Mytivi\system\BaseModel.php(656): CodeIgniter\Model->doFirst()
#6 C:\xampp\htdocs\Mytivi\app\Services\ScheduleService.php(135): CodeIgniter\BaseModel->first()
#7 C:\xampp\htdocs\Mytivi\app\Services\ScheduleService.php(74): App\Services\ScheduleService->checkScheduleTime('07:00', '1', '12')
#8 C:\xampp\htdocs\Mytivi\app\Controllers\ScheduleController.php(50): App\Services\ScheduleService->updateSchedule(Object(CodeIgniter\HTTP\IncomingRequest))
#9 C:\xampp\htdocs\Mytivi\system\CodeIgniter.php(934): App\Controllers\ScheduleController->update()
#10 C:\xampp\htdocs\Mytivi\system\CodeIgniter.php(499): CodeIgniter\CodeIgniter->runController(Object(App\Controllers\ScheduleController))
#11 C:\xampp\htdocs\Mytivi\system\CodeIgniter.php(368): CodeIgniter\CodeIgniter->handleRequest(NULL, Object(Config\Cache), false)
#12 C:\xampp\htdocs\Mytivi\public\index.php(68): CodeIgniter\CodeIgniter->run()
#13 {main}
CRITICAL - 2023-06-05 01:19:45 --> Unknown column 'schedule_id' in 'where clause'
in SYSTEMPATH\Database\MySQLi\Connection.php on line 295.
 1 SYSTEMPATH\Database\MySQLi\Connection.php(295): mysqli->query('SELECT *
FROM `schedule`
WHERE `time_start` < \'07:00\'
AND `time_end` > \'07:00\'
AND `priority` = \'1\'
AND `schedule_id` != \'12\'
 LIMIT 1', 0)
 2 SYSTEMPATH\Database\BaseConnection.php(691): CodeIgniter\Database\MySQLi\Connection->execute('SELECT *
FROM `schedule`
WHERE `time_start` < \'07:00\'
AND `time_end` > \'07:00\'
AND `priority` = \'1\'
AND `schedule_id` != \'12\'
 LIMIT 1')
 3 SYSTEMPATH\Database\BaseConnection.php(605): CodeIgniter\Database\BaseConnection->simpleQuery('SELECT *
FROM `schedule`
WHERE `time_start` < \'07:00\'
AND `time_end` > \'07:00\'
AND `priority` = \'1\'
AND `schedule_id` != \'12\'
 LIMIT 1')
 4 SYSTEMPATH\Database\BaseBuilder.php(1616): CodeIgniter\Database\BaseConnection->query('SELECT *
FROM `schedule`
WHERE `time_start` < :time_start:
AND `time_end` > :time_end:
AND `priority` = :priority:
AND `schedule_id` != :schedule_id:
 LIMIT 1', [...], false)
 5 SYSTEMPATH\Model.php(268): CodeIgniter\Database\BaseBuilder->get()
 6 SYSTEMPATH\BaseModel.php(656): CodeIgniter\Model->doFirst()
 7 APPPATH\Services\ScheduleService.php(135): CodeIgniter\BaseModel->first()
 8 APPPATH\Services\ScheduleService.php(74): App\Services\ScheduleService->checkScheduleTime('07:00', '1', '12')
 9 APPPATH\Controllers\ScheduleController.php(50): App\Services\ScheduleService->updateSchedule(Object(CodeIgniter\HTTP\IncomingRequest))
10 SYSTEMPATH\CodeIgniter.php(934): App\Controllers\ScheduleController->update()
11 SYSTEMPATH\CodeIgniter.php(499): CodeIgniter\CodeIgniter->runController(Object(App\Controllers\ScheduleController))
12 SYSTEMPATH\CodeIgniter.php(368): CodeIgniter\CodeIgniter->handleRequest(null, Object(Config\Cache), false)
13 FCPATH\index.php(68): CodeIgniter\CodeIgniter->run()
