CRITICAL - 2023-05-08 03:52:30 --> Class "App\Modals\UserModel" not found
in APPPATH\Services\UserService.php on line 11.
 1 APPPATH\Controllers\UserController.php(14): App\Services\UserService->__construct()
 2 SYSTEMPATH\CodeIgniter.php(906): App\Controllers\UserController->__construct()
 3 SYSTEMPATH\CodeIgniter.php(490): CodeIgniter\CodeIgniter->createController()
 4 SYSTEMPATH\CodeIgniter.php(368): CodeIgniter\CodeIgniter->handleRequest(null, Object(Config\Cache), false)
 5 FCPATH\index.php(68): CodeIgniter\CodeIgniter->run()
CRITICAL - 2023-05-08 03:55:43 --> Class "App\Models\UserModel" not found
in APPPATH\Services\UserService.php on line 11.
 1 APPPATH\Controllers\UserController.php(14): App\Services\UserService->__construct()
 2 SYSTEMPATH\CodeIgniter.php(906): App\Controllers\UserController->__construct()
 3 SYSTEMPATH\CodeIgniter.php(490): CodeIgniter\CodeIgniter->createController()
 4 SYSTEMPATH\CodeIgniter.php(368): CodeIgniter\CodeIgniter->handleRequest(null, Object(Config\Cache), false)
 5 FCPATH\index.php(68): CodeIgniter\CodeIgniter->run()
CRITICAL - 2023-05-08 03:56:23 --> Class "App\Models\UserModel" not found
in APPPATH\Services\UserService.php on line 11.
 1 APPPATH\Controllers\UserController.php(14): App\Services\UserService->__construct()
 2 SYSTEMPATH\CodeIgniter.php(906): App\Controllers\UserController->__construct()
 3 SYSTEMPATH\CodeIgniter.php(490): CodeIgniter\CodeIgniter->createController()
 4 SYSTEMPATH\CodeIgniter.php(368): CodeIgniter\CodeIgniter->handleRequest(null, Object(Config\Cache), false)
 5 FCPATH\index.php(68): CodeIgniter\CodeIgniter->run()
CRITICAL - 2023-05-08 03:56:24 --> Class "App\Models\UserModel" not found
in APPPATH\Services\UserService.php on line 11.
 1 APPPATH\Controllers\UserController.php(14): App\Services\UserService->__construct()
 2 SYSTEMPATH\CodeIgniter.php(906): App\Controllers\UserController->__construct()
 3 SYSTEMPATH\CodeIgniter.php(490): CodeIgniter\CodeIgniter->createController()
 4 SYSTEMPATH\CodeIgniter.php(368): CodeIgniter\CodeIgniter->handleRequest(null, Object(Config\Cache), false)
 5 FCPATH\index.php(68): CodeIgniter\CodeIgniter->run()
CRITICAL - 2023-05-08 03:57:37 --> Class "App\Models\UserModel" not found
in APPPATH\Services\UserService.php on line 11.
 1 APPPATH\Controllers\UserController.php(14): App\Services\UserService->__construct()
 2 SYSTEMPATH\CodeIgniter.php(906): App\Controllers\UserController->__construct()
 3 SYSTEMPATH\CodeIgniter.php(490): CodeIgniter\CodeIgniter->createController()
 4 SYSTEMPATH\CodeIgniter.php(368): CodeIgniter\CodeIgniter->handleRequest(null, Object(Config\Cache), false)
 5 FCPATH\index.php(68): CodeIgniter\CodeIgniter->run()
CRITICAL - 2023-05-08 03:57:46 --> Class "App\Model\UserModel" not found
in APPPATH\Services\UserService.php on line 11.
 1 APPPATH\Controllers\UserController.php(14): App\Services\UserService->__construct()
 2 SYSTEMPATH\CodeIgniter.php(906): App\Controllers\UserController->__construct()
 3 SYSTEMPATH\CodeIgniter.php(490): CodeIgniter\CodeIgniter->createController()
 4 SYSTEMPATH\CodeIgniter.php(368): CodeIgniter\CodeIgniter->handleRequest(null, Object(Config\Cache), false)
 5 FCPATH\index.php(68): CodeIgniter\CodeIgniter->run()
ERROR - 2023-05-08 03:58:30 --> Error connecting to the database: mysqli_sql_exception: Access denied for user ''@'localhost' (using password: NO) in C:\xampp\htdocs\Mytivi\system\Database\MySQLi\Connection.php:173
Stack trace:
#0 C:\xampp\htdocs\Mytivi\system\Database\MySQLi\Connection.php(173): mysqli->real_connect('localhost', '', Object(SensitiveParameterValue), '', 3306, '', 0)
#1 C:\xampp\htdocs\Mytivi\system\Database\BaseConnection.php(391): CodeIgniter\Database\MySQLi\Connection->connect(false)
#2 C:\xampp\htdocs\Mytivi\system\Database\BaseConnection.php(573): CodeIgniter\Database\BaseConnection->initialize()
#3 C:\xampp\htdocs\Mytivi\system\Database\BaseBuilder.php(1616): CodeIgniter\Database\BaseConnection->query('SELECT *\nFROM `...', Array, false)
#4 C:\xampp\htdocs\Mytivi\system\Model.php(241): CodeIgniter\Database\BaseBuilder->get()
#5 C:\xampp\htdocs\Mytivi\system\BaseModel.php(618): CodeIgniter\Model->doFindAll(0, 0)
#6 C:\xampp\htdocs\Mytivi\app\Services\UserService.php(17): CodeIgniter\BaseModel->findAll()
#7 C:\xampp\htdocs\Mytivi\app\Controllers\UserController.php(21): App\Services\UserService->getAllUser()
#8 C:\xampp\htdocs\Mytivi\system\CodeIgniter.php(934): App\Controllers\UserController->index()
#9 C:\xampp\htdocs\Mytivi\system\CodeIgniter.php(499): CodeIgniter\CodeIgniter->runController(Object(App\Controllers\UserController))
#10 C:\xampp\htdocs\Mytivi\system\CodeIgniter.php(368): CodeIgniter\CodeIgniter->handleRequest(NULL, Object(Config\Cache), false)
#11 C:\xampp\htdocs\Mytivi\public\index.php(68): CodeIgniter\CodeIgniter->run()
#12 {main}

Next CodeIgniter\Database\Exceptions\DatabaseException: Access denied for user ''@'localhost' (using password: NO) in C:\xampp\htdocs\Mytivi\system\Database\MySQLi\Connection.php:218
Stack trace:
#0 C:\xampp\htdocs\Mytivi\system\Database\BaseConnection.php(391): CodeIgniter\Database\MySQLi\Connection->connect(false)
#1 C:\xampp\htdocs\Mytivi\system\Database\BaseConnection.php(573): CodeIgniter\Database\BaseConnection->initialize()
#2 C:\xampp\htdocs\Mytivi\system\Database\BaseBuilder.php(1616): CodeIgniter\Database\BaseConnection->query('SELECT *\nFROM `...', Array, false)
#3 C:\xampp\htdocs\Mytivi\system\Model.php(241): CodeIgniter\Database\BaseBuilder->get()
#4 C:\xampp\htdocs\Mytivi\system\BaseModel.php(618): CodeIgniter\Model->doFindAll(0, 0)
#5 C:\xampp\htdocs\Mytivi\app\Services\UserService.php(17): CodeIgniter\BaseModel->findAll()
#6 C:\xampp\htdocs\Mytivi\app\Controllers\UserController.php(21): App\Services\UserService->getAllUser()
#7 C:\xampp\htdocs\Mytivi\system\CodeIgniter.php(934): App\Controllers\UserController->index()
#8 C:\xampp\htdocs\Mytivi\system\CodeIgniter.php(499): CodeIgniter\CodeIgniter->runController(Object(App\Controllers\UserController))
#9 C:\xampp\htdocs\Mytivi\system\CodeIgniter.php(368): CodeIgniter\CodeIgniter->handleRequest(NULL, Object(Config\Cache), false)
#10 C:\xampp\htdocs\Mytivi\public\index.php(68): CodeIgniter\CodeIgniter->run()
#11 {main}
CRITICAL - 2023-05-08 03:58:30 --> Unable to connect to the database.
Main connection [MySQLi]: Access denied for user ''@'localhost' (using password: NO)
in SYSTEMPATH\Database\BaseConnection.php on line 427.
 1 SYSTEMPATH\Database\BaseConnection.php(573): CodeIgniter\Database\BaseConnection->initialize()
 2 SYSTEMPATH\Database\BaseBuilder.php(1616): CodeIgniter\Database\BaseConnection->query('SELECT *
FROM `user`', [], false)
 3 SYSTEMPATH\Model.php(241): CodeIgniter\Database\BaseBuilder->get()
 4 SYSTEMPATH\BaseModel.php(618): CodeIgniter\Model->doFindAll(0, 0)
 5 APPPATH\Services\UserService.php(17): CodeIgniter\BaseModel->findAll()
 6 APPPATH\Controllers\UserController.php(21): App\Services\UserService->getAllUser()
 7 SYSTEMPATH\CodeIgniter.php(934): App\Controllers\UserController->index()
 8 SYSTEMPATH\CodeIgniter.php(499): CodeIgniter\CodeIgniter->runController(Object(App\Controllers\UserController))
 9 SYSTEMPATH\CodeIgniter.php(368): CodeIgniter\CodeIgniter->handleRequest(null, Object(Config\Cache), false)
10 FCPATH\index.php(68): CodeIgniter\CodeIgniter->run()
CRITICAL - 2023-05-08 04:02:14 --> syntax error, unexpected end of file
in APPPATH\Views\pages\user-list.php on line 46.
 1 SYSTEMPATH\View\View.php(216): CodeIgniter\View\View->CodeIgniter\View\{closure}()
 2 SYSTEMPATH\Common.php(1184): CodeIgniter\View\View->render('pages/user-list', [], true)
 3 APPPATH\Controllers\BaseController.php(65): view('pages/user-list', [...])
 4 APPPATH\Controllers\UserController.php(22): App\Controllers\BaseController->loadMasterLayout([...], 'Tài khoản', 'pages/user-list', [...], [...], [...])
 5 SYSTEMPATH\CodeIgniter.php(934): App\Controllers\UserController->index()
 6 SYSTEMPATH\CodeIgniter.php(499): CodeIgniter\CodeIgniter->runController(Object(App\Controllers\UserController))
 7 SYSTEMPATH\CodeIgniter.php(368): CodeIgniter\CodeIgniter->handleRequest(null, Object(Config\Cache), false)
 8 FCPATH\index.php(68): CodeIgniter\CodeIgniter->run()
CRITICAL - 2023-05-08 04:02:38 --> syntax error, unexpected end of file
in APPPATH\Views\pages\user-list.php on line 43.
 1 SYSTEMPATH\View\View.php(216): CodeIgniter\View\View->CodeIgniter\View\{closure}()
 2 SYSTEMPATH\Common.php(1184): CodeIgniter\View\View->render('pages/user-list', [], true)
 3 APPPATH\Controllers\BaseController.php(65): view('pages/user-list', [...])
 4 APPPATH\Controllers\UserController.php(22): App\Controllers\BaseController->loadMasterLayout([...], 'Tài khoản', 'pages/user-list', [...], [...], [...])
 5 SYSTEMPATH\CodeIgniter.php(934): App\Controllers\UserController->index()
 6 SYSTEMPATH\CodeIgniter.php(499): CodeIgniter\CodeIgniter->runController(Object(App\Controllers\UserController))
 7 SYSTEMPATH\CodeIgniter.php(368): CodeIgniter\CodeIgniter->handleRequest(null, Object(Config\Cache), false)
 8 FCPATH\index.php(68): CodeIgniter\CodeIgniter->run()
CRITICAL - 2023-05-08 04:25:32 --> syntax error, unexpected token "echo"
in APPPATH\Views\pages\user-list.php on line 25.
 1 SYSTEMPATH\View\View.php(216): CodeIgniter\View\View->CodeIgniter\View\{closure}()
 2 SYSTEMPATH\Common.php(1184): CodeIgniter\View\View->render('pages/user-list', [], true)
 3 APPPATH\Controllers\BaseController.php(65): view('pages/user-list', [...])
 4 APPPATH\Controllers\UserController.php(22): App\Controllers\BaseController->loadMasterLayout([...], 'Tài khoản', 'pages/user-list', [...], [...], [...])
 5 SYSTEMPATH\CodeIgniter.php(934): App\Controllers\UserController->index()
 6 SYSTEMPATH\CodeIgniter.php(499): CodeIgniter\CodeIgniter->runController(Object(App\Controllers\UserController))
 7 SYSTEMPATH\CodeIgniter.php(368): CodeIgniter\CodeIgniter->handleRequest(null, Object(Config\Cache), false)
 8 FCPATH\index.php(68): CodeIgniter\CodeIgniter->run()
CRITICAL - 2023-05-08 04:47:45 --> Too few arguments to function App\Controllers\BaseController::loadMasterLayout(), 5 passed in C:\xampp\htdocs\Mytivi\app\Controllers\HomeController.php on line 12 and exactly 6 expected
in APPPATH\Controllers\BaseController.php on line 60.
 1 APPPATH\Controllers\HomeController.php(12): App\Controllers\BaseController->loadMasterLayout([], 'Trang chủ', 'pages/index', [], [])
 2 SYSTEMPATH\CodeIgniter.php(934): App\Controllers\HomeController->index()
 3 SYSTEMPATH\CodeIgniter.php(499): CodeIgniter\CodeIgniter->runController(Object(App\Controllers\HomeController))
 4 SYSTEMPATH\CodeIgniter.php(368): CodeIgniter\CodeIgniter->handleRequest(null, Object(Config\Cache), false)
 5 FCPATH\index.php(68): CodeIgniter\CodeIgniter->run()
CRITICAL - 2023-05-08 04:51:08 --> Too few arguments to function App\Controllers\BaseController::loadMasterLayout(), 5 passed in C:\xampp\htdocs\Mytivi\app\Controllers\HomeController.php on line 12 and exactly 6 expected
in APPPATH\Controllers\BaseController.php on line 60.
 1 APPPATH\Controllers\HomeController.php(12): App\Controllers\BaseController->loadMasterLayout([], 'Trang chủ', 'pages/index', [], [])
 2 SYSTEMPATH\CodeIgniter.php(934): App\Controllers\HomeController->index()
 3 SYSTEMPATH\CodeIgniter.php(499): CodeIgniter\CodeIgniter->runController(Object(App\Controllers\HomeController))
 4 SYSTEMPATH\CodeIgniter.php(368): CodeIgniter\CodeIgniter->handleRequest(null, Object(Config\Cache), false)
 5 FCPATH\index.php(68): CodeIgniter\CodeIgniter->run()
