CRITICAL - 2023-05-10 06:08:24 --> Too few arguments to function App\Controllers\BaseController::loadMasterLayout(), 3 passed in C:\xampp\htdocs\Mytivi\app\Controllers\UserController.php on line 33 and exactly 6 expected
in APPPATH\Controllers\BaseController.php on line 60.
 1 APPPATH\Controllers\UserController.php(33): App\Controllers\BaseController->loadMasterLayout([], 'Thêm tài khoản', 'pages/user-add')
 2 SYSTEMPATH\CodeIgniter.php(934): App\Controllers\UserController->addPage()
 3 SYSTEMPATH\CodeIgniter.php(499): CodeIgniter\CodeIgniter->runController(Object(App\Controllers\UserController))
 4 SYSTEMPATH\CodeIgniter.php(368): CodeIgniter\CodeIgniter->handleRequest(null, Object(Config\Cache), false)
 5 FCPATH\index.php(68): CodeIgniter\CodeIgniter->run()
CRITICAL - 2023-05-10 06:10:23 --> Too few arguments to function App\Controllers\BaseController::loadMasterLayout(), 3 passed in C:\xampp\htdocs\Mytivi\app\Controllers\UserController.php on line 33 and exactly 6 expected
in APPPATH\Controllers\BaseController.php on line 60.
 1 APPPATH\Controllers\UserController.php(33): App\Controllers\BaseController->loadMasterLayout([], 'Thêm tài khoản', 'pages/user-add')
 2 SYSTEMPATH\CodeIgniter.php(934): App\Controllers\UserController->addPage()
 3 SYSTEMPATH\CodeIgniter.php(499): CodeIgniter\CodeIgniter->runController(Object(App\Controllers\UserController))
 4 SYSTEMPATH\CodeIgniter.php(368): CodeIgniter\CodeIgniter->handleRequest(null, Object(Config\Cache), false)
 5 FCPATH\index.php(68): CodeIgniter\CodeIgniter->run()
CRITICAL - 2023-05-10 06:57:46 --> Call to undefined method App\Models\UserModel::validateUser
in SYSTEMPATH\Model.php on line 842.
 1 APPPATH\Services\UserService.php(22): CodeIgniter\Model->__call('validateUser', [...])
 2 APPPATH\Controllers\UserController.php(39): App\Services\UserService->addUserInfo(Object(CodeIgniter\HTTP\IncomingRequest))
 3 SYSTEMPATH\CodeIgniter.php(934): App\Controllers\UserController->create()
 4 SYSTEMPATH\CodeIgniter.php(499): CodeIgniter\CodeIgniter->runController(Object(App\Controllers\UserController))
 5 SYSTEMPATH\CodeIgniter.php(368): CodeIgniter\CodeIgniter->handleRequest(null, Object(Config\Cache), false)
 6 FCPATH\index.php(68): CodeIgniter\CodeIgniter->run()
CRITICAL - 2023-05-10 07:00:23 --> Call to undefined method App\Models\UserModel::validateUser
in SYSTEMPATH\Model.php on line 842.
 1 APPPATH\Services\UserService.php(22): CodeIgniter\Model->__call('validateUser', [...])
 2 APPPATH\Controllers\UserController.php(39): App\Services\UserService->addUserInfo(Object(CodeIgniter\HTTP\IncomingRequest))
 3 SYSTEMPATH\CodeIgniter.php(934): App\Controllers\UserController->create()
 4 SYSTEMPATH\CodeIgniter.php(499): CodeIgniter\CodeIgniter->runController(Object(App\Controllers\UserController))
 5 SYSTEMPATH\CodeIgniter.php(368): CodeIgniter\CodeIgniter->handleRequest(null, Object(Config\Cache), false)
 6 FCPATH\index.php(68): CodeIgniter\CodeIgniter->run()
CRITICAL - 2023-05-10 07:02:36 --> "" is not a valid rule.
in SYSTEMPATH\Validation\Validation.php on line 320.
 1 SYSTEMPATH\Validation\Validation.php(320): CodeIgniter\Validation\Exceptions\ValidationException::forRuleNotFound('')
 2 SYSTEMPATH\Validation\Validation.php(170): CodeIgniter\Validation\Validation->processRules('email', 'email', 'quocdai.09.07@gmail.com', [...], [...])
 3 APPPATH\Services\UserService.php(59): CodeIgniter\Validation\Validation->run()
 4 APPPATH\Services\UserService.php(22): App\Services\UserService->validateUser(Object(CodeIgniter\HTTP\IncomingRequest))
 5 APPPATH\Controllers\UserController.php(39): App\Services\UserService->addUserInfo(Object(CodeIgniter\HTTP\IncomingRequest))
 6 SYSTEMPATH\CodeIgniter.php(934): App\Controllers\UserController->create()
 7 SYSTEMPATH\CodeIgniter.php(499): CodeIgniter\CodeIgniter->runController(Object(App\Controllers\UserController))
 8 SYSTEMPATH\CodeIgniter.php(368): CodeIgniter\CodeIgniter->handleRequest(null, Object(Config\Cache), false)
 9 FCPATH\index.php(68): CodeIgniter\CodeIgniter->run()
CRITICAL - 2023-05-10 07:05:36 --> "" is not a valid rule.
in SYSTEMPATH\Validation\Validation.php on line 320.
 1 SYSTEMPATH\Validation\Validation.php(320): CodeIgniter\Validation\Exceptions\ValidationException::forRuleNotFound('')
 2 SYSTEMPATH\Validation\Validation.php(170): CodeIgniter\Validation\Validation->processRules('email', 'email', 'quocdai.09.07@gmail.com', [...], [...])
 3 APPPATH\Services\UserService.php(59): CodeIgniter\Validation\Validation->run()
 4 APPPATH\Services\UserService.php(22): App\Services\UserService->validateUser(Object(CodeIgniter\HTTP\IncomingRequest))
 5 APPPATH\Controllers\UserController.php(39): App\Services\UserService->addUserInfo(Object(CodeIgniter\HTTP\IncomingRequest))
 6 SYSTEMPATH\CodeIgniter.php(934): App\Controllers\UserController->create()
 7 SYSTEMPATH\CodeIgniter.php(499): CodeIgniter\CodeIgniter->runController(Object(App\Controllers\UserController))
 8 SYSTEMPATH\CodeIgniter.php(368): CodeIgniter\CodeIgniter->handleRequest(null, Object(Config\Cache), false)
 9 FCPATH\index.php(68): CodeIgniter\CodeIgniter->run()
CRITICAL - 2023-05-10 07:06:34 --> "" is not a valid rule.
in SYSTEMPATH\Validation\Validation.php on line 320.
 1 SYSTEMPATH\Validation\Validation.php(320): CodeIgniter\Validation\Exceptions\ValidationException::forRuleNotFound('')
 2 SYSTEMPATH\Validation\Validation.php(170): CodeIgniter\Validation\Validation->processRules('email', 'email', 'quocdai.09.07@gmail.com', [...], [...])
 3 APPPATH\Services\UserService.php(59): CodeIgniter\Validation\Validation->run()
 4 APPPATH\Services\UserService.php(22): App\Services\UserService->validateUser(Object(CodeIgniter\HTTP\IncomingRequest))
 5 APPPATH\Controllers\UserController.php(39): App\Services\UserService->addUserInfo(Object(CodeIgniter\HTTP\IncomingRequest))
 6 SYSTEMPATH\CodeIgniter.php(934): App\Controllers\UserController->create()
 7 SYSTEMPATH\CodeIgniter.php(499): CodeIgniter\CodeIgniter->runController(Object(App\Controllers\UserController))
 8 SYSTEMPATH\CodeIgniter.php(368): CodeIgniter\CodeIgniter->handleRequest(null, Object(Config\Cache), false)
 9 FCPATH\index.php(68): CodeIgniter\CodeIgniter->run()
CRITICAL - 2023-05-10 07:09:59 --> "" is not a valid rule.
in SYSTEMPATH\Validation\Validation.php on line 320.
 1 SYSTEMPATH\Validation\Validation.php(320): CodeIgniter\Validation\Exceptions\ValidationException::forRuleNotFound('')
 2 SYSTEMPATH\Validation\Validation.php(170): CodeIgniter\Validation\Validation->processRules('email', 'email', 'quocdai.09.07@gmail.com', [...], [...])
 3 APPPATH\Services\UserService.php(59): CodeIgniter\Validation\Validation->run()
 4 APPPATH\Services\UserService.php(22): App\Services\UserService->validateUser(Object(CodeIgniter\HTTP\IncomingRequest))
 5 APPPATH\Controllers\UserController.php(39): App\Services\UserService->addUserInfo(Object(CodeIgniter\HTTP\IncomingRequest))
 6 SYSTEMPATH\CodeIgniter.php(934): App\Controllers\UserController->create()
 7 SYSTEMPATH\CodeIgniter.php(499): CodeIgniter\CodeIgniter->runController(Object(App\Controllers\UserController))
 8 SYSTEMPATH\CodeIgniter.php(368): CodeIgniter\CodeIgniter->handleRequest(null, Object(Config\Cache), false)
 9 FCPATH\index.php(68): CodeIgniter\CodeIgniter->run()
CRITICAL - 2023-05-10 07:10:06 --> "" is not a valid rule.
in SYSTEMPATH\Validation\Validation.php on line 320.
 1 SYSTEMPATH\Validation\Validation.php(320): CodeIgniter\Validation\Exceptions\ValidationException::forRuleNotFound('')
 2 SYSTEMPATH\Validation\Validation.php(170): CodeIgniter\Validation\Validation->processRules('email', 'email', 'quocdai.09.07@gmail.com', [...], [...])
 3 APPPATH\Services\UserService.php(59): CodeIgniter\Validation\Validation->run()
 4 APPPATH\Services\UserService.php(22): App\Services\UserService->validateUser(Object(CodeIgniter\HTTP\IncomingRequest))
 5 APPPATH\Controllers\UserController.php(39): App\Services\UserService->addUserInfo(Object(CodeIgniter\HTTP\IncomingRequest))
 6 SYSTEMPATH\CodeIgniter.php(934): App\Controllers\UserController->create()
 7 SYSTEMPATH\CodeIgniter.php(499): CodeIgniter\CodeIgniter->runController(Object(App\Controllers\UserController))
 8 SYSTEMPATH\CodeIgniter.php(368): CodeIgniter\CodeIgniter->handleRequest(null, Object(Config\Cache), false)
 9 FCPATH\index.php(68): CodeIgniter\CodeIgniter->run()
CRITICAL - 2023-05-10 07:12:38 --> "" is not a valid rule.
in SYSTEMPATH\Validation\Validation.php on line 320.
 1 SYSTEMPATH\Validation\Validation.php(320): CodeIgniter\Validation\Exceptions\ValidationException::forRuleNotFound('')
 2 SYSTEMPATH\Validation\Validation.php(170): CodeIgniter\Validation\Validation->processRules('email', 'email', 'quocdai.09.07@gmail.com', [...], [...])
 3 APPPATH\Services\UserService.php(59): CodeIgniter\Validation\Validation->run()
 4 APPPATH\Services\UserService.php(22): App\Services\UserService->validateUser(Object(CodeIgniter\HTTP\IncomingRequest))
 5 APPPATH\Controllers\UserController.php(39): App\Services\UserService->addUserInfo(Object(CodeIgniter\HTTP\IncomingRequest))
 6 SYSTEMPATH\CodeIgniter.php(934): App\Controllers\UserController->create()
 7 SYSTEMPATH\CodeIgniter.php(499): CodeIgniter\CodeIgniter->runController(Object(App\Controllers\UserController))
 8 SYSTEMPATH\CodeIgniter.php(368): CodeIgniter\CodeIgniter->handleRequest(null, Object(Config\Cache), false)
 9 FCPATH\index.php(68): CodeIgniter\CodeIgniter->run()
CRITICAL - 2023-05-10 07:13:16 --> "" is not a valid rule.
in SYSTEMPATH\Validation\Validation.php on line 320.
 1 SYSTEMPATH\Validation\Validation.php(320): CodeIgniter\Validation\Exceptions\ValidationException::forRuleNotFound('')
 2 SYSTEMPATH\Validation\Validation.php(170): CodeIgniter\Validation\Validation->processRules('email', 'email', 'quocdai.09.07@gmail.com', [...], [...])
 3 APPPATH\Services\UserService.php(59): CodeIgniter\Validation\Validation->run()
 4 APPPATH\Services\UserService.php(22): App\Services\UserService->validateUser(Object(CodeIgniter\HTTP\IncomingRequest))
 5 APPPATH\Controllers\UserController.php(39): App\Services\UserService->addUserInfo(Object(CodeIgniter\HTTP\IncomingRequest))
 6 SYSTEMPATH\CodeIgniter.php(934): App\Controllers\UserController->create()
 7 SYSTEMPATH\CodeIgniter.php(499): CodeIgniter\CodeIgniter->runController(Object(App\Controllers\UserController))
 8 SYSTEMPATH\CodeIgniter.php(368): CodeIgniter\CodeIgniter->handleRequest(null, Object(Config\Cache), false)
 9 FCPATH\index.php(68): CodeIgniter\CodeIgniter->run()
CRITICAL - 2023-05-10 07:13:31 --> "" is not a valid rule.
in SYSTEMPATH\Validation\Validation.php on line 320.
 1 SYSTEMPATH\Validation\Validation.php(320): CodeIgniter\Validation\Exceptions\ValidationException::forRuleNotFound('')
 2 SYSTEMPATH\Validation\Validation.php(170): CodeIgniter\Validation\Validation->processRules('email', 'email', 'quocdai.09.07@gmail.com', [...], [...])
 3 APPPATH\Services\UserService.php(59): CodeIgniter\Validation\Validation->run()
 4 APPPATH\Services\UserService.php(22): App\Services\UserService->validateUser(Object(CodeIgniter\HTTP\IncomingRequest))
 5 APPPATH\Controllers\UserController.php(39): App\Services\UserService->addUserInfo(Object(CodeIgniter\HTTP\IncomingRequest))
 6 SYSTEMPATH\CodeIgniter.php(934): App\Controllers\UserController->create()
 7 SYSTEMPATH\CodeIgniter.php(499): CodeIgniter\CodeIgniter->runController(Object(App\Controllers\UserController))
 8 SYSTEMPATH\CodeIgniter.php(368): CodeIgniter\CodeIgniter->handleRequest(null, Object(Config\Cache), false)
 9 FCPATH\index.php(68): CodeIgniter\CodeIgniter->run()
CRITICAL - 2023-05-10 07:14:17 --> "" is not a valid rule.
in SYSTEMPATH\Validation\Validation.php on line 320.
 1 SYSTEMPATH\Validation\Validation.php(320): CodeIgniter\Validation\Exceptions\ValidationException::forRuleNotFound('')
 2 SYSTEMPATH\Validation\Validation.php(170): CodeIgniter\Validation\Validation->processRules('email', 'email', 'quocdai.09.07@gmail.com', [...], [...])
 3 APPPATH\Services\UserService.php(59): CodeIgniter\Validation\Validation->run()
 4 APPPATH\Services\UserService.php(22): App\Services\UserService->validateUser(Object(CodeIgniter\HTTP\IncomingRequest))
 5 APPPATH\Controllers\UserController.php(39): App\Services\UserService->addUserInfo(Object(CodeIgniter\HTTP\IncomingRequest))
 6 SYSTEMPATH\CodeIgniter.php(934): App\Controllers\UserController->create()
 7 SYSTEMPATH\CodeIgniter.php(499): CodeIgniter\CodeIgniter->runController(Object(App\Controllers\UserController))
 8 SYSTEMPATH\CodeIgniter.php(368): CodeIgniter\CodeIgniter->handleRequest(null, Object(Config\Cache), false)
 9 FCPATH\index.php(68): CodeIgniter\CodeIgniter->run()
CRITICAL - 2023-05-10 07:14:28 --> "" is not a valid rule.
in SYSTEMPATH\Validation\Validation.php on line 320.
 1 SYSTEMPATH\Validation\Validation.php(320): CodeIgniter\Validation\Exceptions\ValidationException::forRuleNotFound('')
 2 SYSTEMPATH\Validation\Validation.php(170): CodeIgniter\Validation\Validation->processRules('email', 'email', 'quocdai.09.07@gmail.com', [...], [...])
 3 APPPATH\Services\UserService.php(59): CodeIgniter\Validation\Validation->run()
 4 APPPATH\Services\UserService.php(22): App\Services\UserService->validateUser(Object(CodeIgniter\HTTP\IncomingRequest))
 5 APPPATH\Controllers\UserController.php(39): App\Services\UserService->addUserInfo(Object(CodeIgniter\HTTP\IncomingRequest))
 6 SYSTEMPATH\CodeIgniter.php(934): App\Controllers\UserController->create()
 7 SYSTEMPATH\CodeIgniter.php(499): CodeIgniter\CodeIgniter->runController(Object(App\Controllers\UserController))
 8 SYSTEMPATH\CodeIgniter.php(368): CodeIgniter\CodeIgniter->handleRequest(null, Object(Config\Cache), false)
 9 FCPATH\index.php(68): CodeIgniter\CodeIgniter->run()
CRITICAL - 2023-05-10 07:56:09 --> Class "App\Common\ResultUtils" not found
in APPPATH\Services\UserService.php on line 27.
 1 APPPATH\Controllers\UserController.php(39): App\Services\UserService->addUserInfo(Object(CodeIgniter\HTTP\IncomingRequest))
 2 SYSTEMPATH\CodeIgniter.php(934): App\Controllers\UserController->create()
 3 SYSTEMPATH\CodeIgniter.php(499): CodeIgniter\CodeIgniter->runController(Object(App\Controllers\UserController))
 4 SYSTEMPATH\CodeIgniter.php(368): CodeIgniter\CodeIgniter->handleRequest(null, Object(Config\Cache), false)
 5 FCPATH\index.php(68): CodeIgniter\CodeIgniter->run()
CRITICAL - 2023-05-10 07:57:26 --> Cannot access offset of type string on string
in APPPATH\Views\pages\user-add.php on line 9.
 1 SYSTEMPATH\View\View.php(213): include()
 2 SYSTEMPATH\View\View.php(216): CodeIgniter\View\View->CodeIgniter\View\{closure}()
 3 SYSTEMPATH\Common.php(1184): CodeIgniter\View\View->render('pages/user-add', [], true)
 4 APPPATH\Controllers\BaseController.php(65): view('pages/user-add', [])
 5 APPPATH\Controllers\UserController.php(33): App\Controllers\BaseController->loadMasterLayout([...], 'Thêm tài khoản', 'pages/user-add', [], [], [])
 6 SYSTEMPATH\CodeIgniter.php(934): App\Controllers\UserController->addPage()
 7 SYSTEMPATH\CodeIgniter.php(499): CodeIgniter\CodeIgniter->runController(Object(App\Controllers\UserController))
 8 SYSTEMPATH\CodeIgniter.php(368): CodeIgniter\CodeIgniter->handleRequest(null, Object(Config\Cache), false)
 9 FCPATH\index.php(68): CodeIgniter\CodeIgniter->run()
ERROR - 2023-05-10 08:57:42 --> mysqli_sql_exception: Unknown column 'email' in 'field list' in C:\xampp\htdocs\Mytivi\system\Database\MySQLi\Connection.php:295
Stack trace:
#0 C:\xampp\htdocs\Mytivi\system\Database\MySQLi\Connection.php(295): mysqli->query('INSERT INTO `us...', 0)
#1 C:\xampp\htdocs\Mytivi\system\Database\BaseConnection.php(691): CodeIgniter\Database\MySQLi\Connection->execute('INSERT INTO `us...')
#2 C:\xampp\htdocs\Mytivi\system\Database\BaseConnection.php(605): CodeIgniter\Database\BaseConnection->simpleQuery('INSERT INTO `us...')
#3 C:\xampp\htdocs\Mytivi\system\Database\BaseBuilder.php(2309): CodeIgniter\Database\BaseConnection->query('INSERT INTO `us...', Array, false)
#4 C:\xampp\htdocs\Mytivi\system\Model.php(330): CodeIgniter\Database\BaseBuilder->insert()
#5 C:\xampp\htdocs\Mytivi\system\BaseModel.php(782): CodeIgniter\Model->doInsert(Array)
#6 C:\xampp\htdocs\Mytivi\system\Model.php(730): CodeIgniter\BaseModel->insert(Array, false)
#7 C:\xampp\htdocs\Mytivi\system\BaseModel.php(692): CodeIgniter\Model->insert(Array, false)
#8 C:\xampp\htdocs\Mytivi\app\Services\UserService.php(37): CodeIgniter\BaseModel->save(Array)
#9 C:\xampp\htdocs\Mytivi\app\Controllers\UserController.php(39): App\Services\UserService->addUserInfo(Object(CodeIgniter\HTTP\IncomingRequest))
#10 C:\xampp\htdocs\Mytivi\system\CodeIgniter.php(934): App\Controllers\UserController->create()
#11 C:\xampp\htdocs\Mytivi\system\CodeIgniter.php(499): CodeIgniter\CodeIgniter->runController(Object(App\Controllers\UserController))
#12 C:\xampp\htdocs\Mytivi\system\CodeIgniter.php(368): CodeIgniter\CodeIgniter->handleRequest(NULL, Object(Config\Cache), false)
#13 C:\xampp\htdocs\Mytivi\public\index.php(68): CodeIgniter\CodeIgniter->run()
#14 {main}
CRITICAL - 2023-05-10 08:57:42 --> Unknown column 'email' in 'field list'
in SYSTEMPATH\Database\MySQLi\Connection.php on line 295.
 1 SYSTEMPATH\Database\MySQLi\Connection.php(295): mysqli->query('INSERT INTO `user` (`email`, `account`, `password`) VALUES (\'quocdai.09.07@gmail.com\', \'Bdmin\', \'123456\')', 0)
 2 SYSTEMPATH\Database\BaseConnection.php(691): CodeIgniter\Database\MySQLi\Connection->execute('INSERT INTO `user` (`email`, `account`, `password`) VALUES (\'quocdai.09.07@gmail.com\', \'Bdmin\', \'123456\')')
 3 SYSTEMPATH\Database\BaseConnection.php(605): CodeIgniter\Database\BaseConnection->simpleQuery('INSERT INTO `user` (`email`, `account`, `password`) VALUES (\'quocdai.09.07@gmail.com\', \'Bdmin\', \'123456\')')
 4 SYSTEMPATH\Database\BaseBuilder.php(2309): CodeIgniter\Database\BaseConnection->query('INSERT INTO `user` (`email`, `account`, `password`) VALUES (:email:, :account:, :password:)', [...], false)
 5 SYSTEMPATH\Model.php(330): CodeIgniter\Database\BaseBuilder->insert()
 6 SYSTEMPATH\BaseModel.php(782): CodeIgniter\Model->doInsert([...])
 7 SYSTEMPATH\Model.php(730): CodeIgniter\BaseModel->insert([...], false)
 8 SYSTEMPATH\BaseModel.php(692): CodeIgniter\Model->insert([...], false)
 9 APPPATH\Services\UserService.php(37): CodeIgniter\BaseModel->save([...])
10 APPPATH\Controllers\UserController.php(39): App\Services\UserService->addUserInfo(Object(CodeIgniter\HTTP\IncomingRequest))
11 SYSTEMPATH\CodeIgniter.php(934): App\Controllers\UserController->create()
12 SYSTEMPATH\CodeIgniter.php(499): CodeIgniter\CodeIgniter->runController(Object(App\Controllers\UserController))
13 SYSTEMPATH\CodeIgniter.php(368): CodeIgniter\CodeIgniter->handleRequest(null, Object(Config\Cache), false)
14 FCPATH\index.php(68): CodeIgniter\CodeIgniter->run()
ERROR - 2023-05-10 09:00:43 --> mysqli_sql_exception: Unknown column 'password' in 'field list' in C:\xampp\htdocs\Mytivi\system\Database\MySQLi\Connection.php:295
Stack trace:
#0 C:\xampp\htdocs\Mytivi\system\Database\MySQLi\Connection.php(295): mysqli->query('INSERT INTO `us...', 0)
#1 C:\xampp\htdocs\Mytivi\system\Database\BaseConnection.php(691): CodeIgniter\Database\MySQLi\Connection->execute('INSERT INTO `us...')
#2 C:\xampp\htdocs\Mytivi\system\Database\BaseConnection.php(605): CodeIgniter\Database\BaseConnection->simpleQuery('INSERT INTO `us...')
#3 C:\xampp\htdocs\Mytivi\system\Database\BaseBuilder.php(2309): CodeIgniter\Database\BaseConnection->query('INSERT INTO `us...', Array, false)
#4 C:\xampp\htdocs\Mytivi\system\Model.php(330): CodeIgniter\Database\BaseBuilder->insert()
#5 C:\xampp\htdocs\Mytivi\system\BaseModel.php(782): CodeIgniter\Model->doInsert(Array)
#6 C:\xampp\htdocs\Mytivi\system\Model.php(730): CodeIgniter\BaseModel->insert(Array, false)
#7 C:\xampp\htdocs\Mytivi\system\BaseModel.php(692): CodeIgniter\Model->insert(Array, false)
#8 C:\xampp\htdocs\Mytivi\app\Services\UserService.php(39): CodeIgniter\BaseModel->save(Array)
#9 C:\xampp\htdocs\Mytivi\app\Controllers\UserController.php(39): App\Services\UserService->addUserInfo(Object(CodeIgniter\HTTP\IncomingRequest))
#10 C:\xampp\htdocs\Mytivi\system\CodeIgniter.php(934): App\Controllers\UserController->create()
#11 C:\xampp\htdocs\Mytivi\system\CodeIgniter.php(499): CodeIgniter\CodeIgniter->runController(Object(App\Controllers\UserController))
#12 C:\xampp\htdocs\Mytivi\system\CodeIgniter.php(368): CodeIgniter\CodeIgniter->handleRequest(NULL, Object(Config\Cache), false)
#13 C:\xampp\htdocs\Mytivi\public\index.php(68): CodeIgniter\CodeIgniter->run()
#14 {main}
CRITICAL - 2023-05-10 09:00:43 --> Unknown column 'password' in 'field list'
in SYSTEMPATH\Database\MySQLi\Connection.php on line 295.
 1 SYSTEMPATH\Database\MySQLi\Connection.php(295): mysqli->query('INSERT INTO `user` (`user_name`, `user_email`, `password`) VALUES (\'Bdmin\', \'quocdai.09.07@gmail.com\', \'123456\')', 0)
 2 SYSTEMPATH\Database\BaseConnection.php(691): CodeIgniter\Database\MySQLi\Connection->execute('INSERT INTO `user` (`user_name`, `user_email`, `password`) VALUES (\'Bdmin\', \'quocdai.09.07@gmail.com\', \'123456\')')
 3 SYSTEMPATH\Database\BaseConnection.php(605): CodeIgniter\Database\BaseConnection->simpleQuery('INSERT INTO `user` (`user_name`, `user_email`, `password`) VALUES (\'Bdmin\', \'quocdai.09.07@gmail.com\', \'123456\')')
 4 SYSTEMPATH\Database\BaseBuilder.php(2309): CodeIgniter\Database\BaseConnection->query('INSERT INTO `user` (`user_name`, `user_email`, `password`) VALUES (:user_name:, :user_email:, :password:)', [...], false)
 5 SYSTEMPATH\Model.php(330): CodeIgniter\Database\BaseBuilder->insert()
 6 SYSTEMPATH\BaseModel.php(782): CodeIgniter\Model->doInsert([...])
 7 SYSTEMPATH\Model.php(730): CodeIgniter\BaseModel->insert([...], false)
 8 SYSTEMPATH\BaseModel.php(692): CodeIgniter\Model->insert([...], false)
 9 APPPATH\Services\UserService.php(39): CodeIgniter\BaseModel->save([...])
10 APPPATH\Controllers\UserController.php(39): App\Services\UserService->addUserInfo(Object(CodeIgniter\HTTP\IncomingRequest))
11 SYSTEMPATH\CodeIgniter.php(934): App\Controllers\UserController->create()
12 SYSTEMPATH\CodeIgniter.php(499): CodeIgniter\CodeIgniter->runController(Object(App\Controllers\UserController))
13 SYSTEMPATH\CodeIgniter.php(368): CodeIgniter\CodeIgniter->handleRequest(null, Object(Config\Cache), false)
14 FCPATH\index.php(68): CodeIgniter\CodeIgniter->run()
