CRITICAL - 2023-05-11 04:25:26 --> foreach() argument must be of type array|object, string given
in APPPATH\Views\message\message.php on line 2.
 1 APPPATH\Views\message\message.php(2): CodeIgniter\Debug\Exceptions->errorHandler(2, 'foreach() argument must be of type array|object, string given', 'C:\\xampp\\htdocs\\Mytivi\\app\\Views\\message\\message.php', 2)
 2 SYSTEMPATH\View\View.php(213): include('C:\\xampp\\htdocs\\Mytivi\\app\\Views\\message\\message.php')
 3 SYSTEMPATH\View\View.php(216): CodeIgniter\View\View->CodeIgniter\View\{closure}()
 4 SYSTEMPATH\Common.php(1184): CodeIgniter\View\View->render('message/message', [], true)
 5 APPPATH\Views\pages\user-list.php(12): view('message/message')
 6 SYSTEMPATH\View\View.php(213): include('C:\\xampp\\htdocs\\Mytivi\\app\\Views\\pages\\user-list.php')
 7 SYSTEMPATH\View\View.php(216): CodeIgniter\View\View->CodeIgniter\View\{closure}()
 8 SYSTEMPATH\Common.php(1184): CodeIgniter\View\View->render('pages/user-list', [], true)
 9 APPPATH\Controllers\BaseController.php(65): view('pages/user-list', [...])
10 APPPATH\Controllers\UserController.php(22): App\Controllers\BaseController->loadMasterLayout([...], 'Tài khoản', 'pages/user-list', [...], [...], [...])
11 SYSTEMPATH\CodeIgniter.php(934): App\Controllers\UserController->index()
12 SYSTEMPATH\CodeIgniter.php(499): CodeIgniter\CodeIgniter->runController(Object(App\Controllers\UserController))
13 SYSTEMPATH\CodeIgniter.php(368): CodeIgniter\CodeIgniter->handleRequest(null, Object(Config\Cache), false)
14 FCPATH\index.php(68): CodeIgniter\CodeIgniter->run()
CRITICAL - 2023-05-11 04:29:09 --> foreach() argument must be of type array|object, string given
in APPPATH\Views\message\message.php on line 2.
 1 APPPATH\Views\message\message.php(2): CodeIgniter\Debug\Exceptions->errorHandler(2, 'foreach() argument must be of type array|object, string given', 'C:\\xampp\\htdocs\\Mytivi\\app\\Views\\message\\message.php', 2)
 2 SYSTEMPATH\View\View.php(213): include('C:\\xampp\\htdocs\\Mytivi\\app\\Views\\message\\message.php')
 3 SYSTEMPATH\View\View.php(216): CodeIgniter\View\View->CodeIgniter\View\{closure}()
 4 SYSTEMPATH\Common.php(1184): CodeIgniter\View\View->render('message/message', [], true)
 5 APPPATH\Views\pages\user-list.php(12): view('message/message')
 6 SYSTEMPATH\View\View.php(213): include('C:\\xampp\\htdocs\\Mytivi\\app\\Views\\pages\\user-list.php')
 7 SYSTEMPATH\View\View.php(216): CodeIgniter\View\View->CodeIgniter\View\{closure}()
 8 SYSTEMPATH\Common.php(1184): CodeIgniter\View\View->render('pages/user-list', [], true)
 9 APPPATH\Controllers\BaseController.php(65): view('pages/user-list', [...])
10 APPPATH\Controllers\UserController.php(22): App\Controllers\BaseController->loadMasterLayout([...], 'Tài khoản', 'pages/user-list', [...], [...], [...])
11 SYSTEMPATH\CodeIgniter.php(934): App\Controllers\UserController->index()
12 SYSTEMPATH\CodeIgniter.php(499): CodeIgniter\CodeIgniter->runController(Object(App\Controllers\UserController))
13 SYSTEMPATH\CodeIgniter.php(368): CodeIgniter\CodeIgniter->handleRequest(null, Object(Config\Cache), false)
14 FCPATH\index.php(68): CodeIgniter\CodeIgniter->run()
CRITICAL - 2023-05-11 04:50:41 --> foreach() argument must be of type array|object, string given
in APPPATH\Views\message\message.php on line 2.
 1 APPPATH\Views\message\message.php(2): CodeIgniter\Debug\Exceptions->errorHandler(2, 'foreach() argument must be of type array|object, string given', 'C:\\xampp\\htdocs\\Mytivi\\app\\Views\\message\\message.php', 2)
 2 SYSTEMPATH\View\View.php(213): include('C:\\xampp\\htdocs\\Mytivi\\app\\Views\\message\\message.php')
 3 SYSTEMPATH\View\View.php(216): CodeIgniter\View\View->CodeIgniter\View\{closure}()
 4 SYSTEMPATH\Common.php(1184): CodeIgniter\View\View->render('message/message', [], true)
 5 APPPATH\Views\pages\user-list.php(12): view('message/message')
 6 SYSTEMPATH\View\View.php(213): include('C:\\xampp\\htdocs\\Mytivi\\app\\Views\\pages\\user-list.php')
 7 SYSTEMPATH\View\View.php(216): CodeIgniter\View\View->CodeIgniter\View\{closure}()
 8 SYSTEMPATH\Common.php(1184): CodeIgniter\View\View->render('pages/user-list', [], true)
 9 APPPATH\Controllers\BaseController.php(65): view('pages/user-list', [...])
10 APPPATH\Controllers\UserController.php(22): App\Controllers\BaseController->loadMasterLayout([...], 'Tài khoản', 'pages/user-list', [...], [...], [...])
11 SYSTEMPATH\CodeIgniter.php(934): App\Controllers\UserController->index()
12 SYSTEMPATH\CodeIgniter.php(499): CodeIgniter\CodeIgniter->runController(Object(App\Controllers\UserController))
13 SYSTEMPATH\CodeIgniter.php(368): CodeIgniter\CodeIgniter->handleRequest(null, Object(Config\Cache), false)
14 FCPATH\index.php(68): CodeIgniter\CodeIgniter->run()
CRITICAL - 2023-05-11 06:19:01 --> Cannot use object of type CodeIgniter\HTTP\IncomingRequest as array
in APPPATH\Services\UserService.php on line 112.
 1 APPPATH\Controllers\UserController.php(45): App\Services\UserService->updateUserPass(Object(CodeIgniter\HTTP\IncomingRequest))
 2 SYSTEMPATH\CodeIgniter.php(934): App\Controllers\UserController->update()
 3 SYSTEMPATH\CodeIgniter.php(499): CodeIgniter\CodeIgniter->runController(Object(App\Controllers\UserController))
 4 SYSTEMPATH\CodeIgniter.php(368): CodeIgniter\CodeIgniter->handleRequest(null, Object(Config\Cache), false)
 5 FCPATH\index.php(68): CodeIgniter\CodeIgniter->run()
ERROR - 2023-05-11 06:19:31 --> mysqli_sql_exception: Duplicate entry '1' for key 'PRIMARY' in C:\xampp\htdocs\Mytivi\system\Database\MySQLi\Connection.php:295
Stack trace:
#0 C:\xampp\htdocs\Mytivi\system\Database\MySQLi\Connection.php(295): mysqli->query('INSERT INTO `us...', 0)
#1 C:\xampp\htdocs\Mytivi\system\Database\BaseConnection.php(691): CodeIgniter\Database\MySQLi\Connection->execute('INSERT INTO `us...')
#2 C:\xampp\htdocs\Mytivi\system\Database\BaseConnection.php(605): CodeIgniter\Database\BaseConnection->simpleQuery('INSERT INTO `us...')
#3 C:\xampp\htdocs\Mytivi\system\Database\BaseBuilder.php(2309): CodeIgniter\Database\BaseConnection->query('INSERT INTO `us...', Array, false)
#4 C:\xampp\htdocs\Mytivi\system\Model.php(330): CodeIgniter\Database\BaseBuilder->insert()
#5 C:\xampp\htdocs\Mytivi\system\BaseModel.php(782): CodeIgniter\Model->doInsert(Array)
#6 C:\xampp\htdocs\Mytivi\system\Model.php(730): CodeIgniter\BaseModel->insert(Array, false)
#7 C:\xampp\htdocs\Mytivi\system\BaseModel.php(692): CodeIgniter\Model->insert(Array, false)
#8 C:\xampp\htdocs\Mytivi\app\Services\UserService.php(114): CodeIgniter\BaseModel->save(Array)
#9 C:\xampp\htdocs\Mytivi\app\Controllers\UserController.php(45): App\Services\UserService->updateUserPass(Object(CodeIgniter\HTTP\IncomingRequest))
#10 C:\xampp\htdocs\Mytivi\system\CodeIgniter.php(934): App\Controllers\UserController->update()
#11 C:\xampp\htdocs\Mytivi\system\CodeIgniter.php(499): CodeIgniter\CodeIgniter->runController(Object(App\Controllers\UserController))
#12 C:\xampp\htdocs\Mytivi\system\CodeIgniter.php(368): CodeIgniter\CodeIgniter->handleRequest(NULL, Object(Config\Cache), false)
#13 C:\xampp\htdocs\Mytivi\public\index.php(68): CodeIgniter\CodeIgniter->run()
#14 {main}
CRITICAL - 2023-05-11 06:19:31 --> Duplicate entry '1' for key 'PRIMARY'
in SYSTEMPATH\Database\MySQLi\Connection.php on line 295.
 1 SYSTEMPATH\Database\MySQLi\Connection.php(295): mysqli->query('INSERT INTO `user` (`user_id`, `user_password`) VALUES (\'1\', \'$2y$10$TZNd./DJ1B2ugEeECXxQW./g02NTrYSzzgQx6jJ5la.t/3iNkf7.i\')', 0)
 2 SYSTEMPATH\Database\BaseConnection.php(691): CodeIgniter\Database\MySQLi\Connection->execute('INSERT INTO `user` (`user_id`, `user_password`) VALUES (\'1\', \'$2y$10$TZNd./DJ1B2ugEeECXxQW./g02NTrYSzzgQx6jJ5la.t/3iNkf7.i\')')
 3 SYSTEMPATH\Database\BaseConnection.php(605): CodeIgniter\Database\BaseConnection->simpleQuery('INSERT INTO `user` (`user_id`, `user_password`) VALUES (\'1\', \'$2y$10$TZNd./DJ1B2ugEeECXxQW./g02NTrYSzzgQx6jJ5la.t/3iNkf7.i\')')
 4 SYSTEMPATH\Database\BaseBuilder.php(2309): CodeIgniter\Database\BaseConnection->query('INSERT INTO `user` (`user_id`, `user_password`) VALUES (:user_id:, :user_password:)', [...], false)
 5 SYSTEMPATH\Model.php(330): CodeIgniter\Database\BaseBuilder->insert()
 6 SYSTEMPATH\BaseModel.php(782): CodeIgniter\Model->doInsert([...])
 7 SYSTEMPATH\Model.php(730): CodeIgniter\BaseModel->insert([...], false)
 8 SYSTEMPATH\BaseModel.php(692): CodeIgniter\Model->insert([...], false)
 9 APPPATH\Services\UserService.php(114): CodeIgniter\BaseModel->save([...])
10 APPPATH\Controllers\UserController.php(45): App\Services\UserService->updateUserPass(Object(CodeIgniter\HTTP\IncomingRequest))
11 SYSTEMPATH\CodeIgniter.php(934): App\Controllers\UserController->update()
12 SYSTEMPATH\CodeIgniter.php(499): CodeIgniter\CodeIgniter->runController(Object(App\Controllers\UserController))
13 SYSTEMPATH\CodeIgniter.php(368): CodeIgniter\CodeIgniter->handleRequest(null, Object(Config\Cache), false)
14 FCPATH\index.php(68): CodeIgniter\CodeIgniter->run()
ERROR - 2023-05-11 06:22:08 --> mysqli_sql_exception: Duplicate entry '1' for key 'PRIMARY' in C:\xampp\htdocs\Mytivi\system\Database\MySQLi\Connection.php:295
Stack trace:
#0 C:\xampp\htdocs\Mytivi\system\Database\MySQLi\Connection.php(295): mysqli->query('INSERT INTO `us...', 0)
#1 C:\xampp\htdocs\Mytivi\system\Database\BaseConnection.php(691): CodeIgniter\Database\MySQLi\Connection->execute('INSERT INTO `us...')
#2 C:\xampp\htdocs\Mytivi\system\Database\BaseConnection.php(605): CodeIgniter\Database\BaseConnection->simpleQuery('INSERT INTO `us...')
#3 C:\xampp\htdocs\Mytivi\system\Database\BaseBuilder.php(2309): CodeIgniter\Database\BaseConnection->query('INSERT INTO `us...', Array, false)
#4 C:\xampp\htdocs\Mytivi\system\Model.php(330): CodeIgniter\Database\BaseBuilder->insert()
#5 C:\xampp\htdocs\Mytivi\system\BaseModel.php(782): CodeIgniter\Model->doInsert(Array)
#6 C:\xampp\htdocs\Mytivi\system\Model.php(730): CodeIgniter\BaseModel->insert(Array, false)
#7 C:\xampp\htdocs\Mytivi\system\BaseModel.php(692): CodeIgniter\Model->insert(Array, false)
#8 C:\xampp\htdocs\Mytivi\app\Services\UserService.php(117): CodeIgniter\BaseModel->save(Array)
#9 C:\xampp\htdocs\Mytivi\app\Controllers\UserController.php(45): App\Services\UserService->updateUserPass(Object(CodeIgniter\HTTP\IncomingRequest))
#10 C:\xampp\htdocs\Mytivi\system\CodeIgniter.php(934): App\Controllers\UserController->update()
#11 C:\xampp\htdocs\Mytivi\system\CodeIgniter.php(499): CodeIgniter\CodeIgniter->runController(Object(App\Controllers\UserController))
#12 C:\xampp\htdocs\Mytivi\system\CodeIgniter.php(368): CodeIgniter\CodeIgniter->handleRequest(NULL, Object(Config\Cache), false)
#13 C:\xampp\htdocs\Mytivi\public\index.php(68): CodeIgniter\CodeIgniter->run()
#14 {main}
CRITICAL - 2023-05-11 06:22:08 --> Duplicate entry '1' for key 'PRIMARY'
in SYSTEMPATH\Database\MySQLi\Connection.php on line 295.
 1 SYSTEMPATH\Database\MySQLi\Connection.php(295): mysqli->query('INSERT INTO `user` (`user_id`, `user_password`) VALUES (\'1\', \'$2y$10$Q0434Xbti7VUSLYY6PqKK.GUltO0NDFyvBwIBue0YRCNA7pI7Yiwa\')', 0)
 2 SYSTEMPATH\Database\BaseConnection.php(691): CodeIgniter\Database\MySQLi\Connection->execute('INSERT INTO `user` (`user_id`, `user_password`) VALUES (\'1\', \'$2y$10$Q0434Xbti7VUSLYY6PqKK.GUltO0NDFyvBwIBue0YRCNA7pI7Yiwa\')')
 3 SYSTEMPATH\Database\BaseConnection.php(605): CodeIgniter\Database\BaseConnection->simpleQuery('INSERT INTO `user` (`user_id`, `user_password`) VALUES (\'1\', \'$2y$10$Q0434Xbti7VUSLYY6PqKK.GUltO0NDFyvBwIBue0YRCNA7pI7Yiwa\')')
 4 SYSTEMPATH\Database\BaseBuilder.php(2309): CodeIgniter\Database\BaseConnection->query('INSERT INTO `user` (`user_id`, `user_password`) VALUES (:user_id:, :user_password:)', [...], false)
 5 SYSTEMPATH\Model.php(330): CodeIgniter\Database\BaseBuilder->insert()
 6 SYSTEMPATH\BaseModel.php(782): CodeIgniter\Model->doInsert([...])
 7 SYSTEMPATH\Model.php(730): CodeIgniter\BaseModel->insert([...], false)
 8 SYSTEMPATH\BaseModel.php(692): CodeIgniter\Model->insert([...], false)
 9 APPPATH\Services\UserService.php(117): CodeIgniter\BaseModel->save([...])
10 APPPATH\Controllers\UserController.php(45): App\Services\UserService->updateUserPass(Object(CodeIgniter\HTTP\IncomingRequest))
11 SYSTEMPATH\CodeIgniter.php(934): App\Controllers\UserController->update()
12 SYSTEMPATH\CodeIgniter.php(499): CodeIgniter\CodeIgniter->runController(Object(App\Controllers\UserController))
13 SYSTEMPATH\CodeIgniter.php(368): CodeIgniter\CodeIgniter->handleRequest(null, Object(Config\Cache), false)
14 FCPATH\index.php(68): CodeIgniter\CodeIgniter->run()
ERROR - 2023-05-11 06:26:37 --> mysqli_sql_exception: Duplicate entry '2' for key 'PRIMARY' in C:\xampp\htdocs\Mytivi\system\Database\MySQLi\Connection.php:295
Stack trace:
#0 C:\xampp\htdocs\Mytivi\system\Database\MySQLi\Connection.php(295): mysqli->query('INSERT INTO `us...', 0)
#1 C:\xampp\htdocs\Mytivi\system\Database\BaseConnection.php(691): CodeIgniter\Database\MySQLi\Connection->execute('INSERT INTO `us...')
#2 C:\xampp\htdocs\Mytivi\system\Database\BaseConnection.php(605): CodeIgniter\Database\BaseConnection->simpleQuery('INSERT INTO `us...')
#3 C:\xampp\htdocs\Mytivi\system\Database\BaseBuilder.php(2309): CodeIgniter\Database\BaseConnection->query('INSERT INTO `us...', Array, false)
#4 C:\xampp\htdocs\Mytivi\system\Model.php(330): CodeIgniter\Database\BaseBuilder->insert()
#5 C:\xampp\htdocs\Mytivi\system\BaseModel.php(782): CodeIgniter\Model->doInsert(Array)
#6 C:\xampp\htdocs\Mytivi\system\Model.php(730): CodeIgniter\BaseModel->insert(Array, false)
#7 C:\xampp\htdocs\Mytivi\system\BaseModel.php(692): CodeIgniter\Model->insert(Array, false)
#8 C:\xampp\htdocs\Mytivi\app\Services\UserService.php(117): CodeIgniter\BaseModel->save(Array)
#9 C:\xampp\htdocs\Mytivi\app\Controllers\UserController.php(45): App\Services\UserService->updateUserPass(Object(CodeIgniter\HTTP\IncomingRequest))
#10 C:\xampp\htdocs\Mytivi\system\CodeIgniter.php(934): App\Controllers\UserController->update()
#11 C:\xampp\htdocs\Mytivi\system\CodeIgniter.php(499): CodeIgniter\CodeIgniter->runController(Object(App\Controllers\UserController))
#12 C:\xampp\htdocs\Mytivi\system\CodeIgniter.php(368): CodeIgniter\CodeIgniter->handleRequest(NULL, Object(Config\Cache), false)
#13 C:\xampp\htdocs\Mytivi\public\index.php(68): CodeIgniter\CodeIgniter->run()
#14 {main}
CRITICAL - 2023-05-11 06:26:37 --> Duplicate entry '2' for key 'PRIMARY'
in SYSTEMPATH\Database\MySQLi\Connection.php on line 295.
 1 SYSTEMPATH\Database\MySQLi\Connection.php(295): mysqli->query('INSERT INTO `user` (`user_id`, `user_password`) VALUES (\'2\', \'$2y$10$cSW.q7S3r/v3OVa58BRyaOr0ivLmC/yqSA9fYPPuNCNx111VZMHCm\')', 0)
 2 SYSTEMPATH\Database\BaseConnection.php(691): CodeIgniter\Database\MySQLi\Connection->execute('INSERT INTO `user` (`user_id`, `user_password`) VALUES (\'2\', \'$2y$10$cSW.q7S3r/v3OVa58BRyaOr0ivLmC/yqSA9fYPPuNCNx111VZMHCm\')')
 3 SYSTEMPATH\Database\BaseConnection.php(605): CodeIgniter\Database\BaseConnection->simpleQuery('INSERT INTO `user` (`user_id`, `user_password`) VALUES (\'2\', \'$2y$10$cSW.q7S3r/v3OVa58BRyaOr0ivLmC/yqSA9fYPPuNCNx111VZMHCm\')')
 4 SYSTEMPATH\Database\BaseBuilder.php(2309): CodeIgniter\Database\BaseConnection->query('INSERT INTO `user` (`user_id`, `user_password`) VALUES (:user_id:, :user_password:)', [...], false)
 5 SYSTEMPATH\Model.php(330): CodeIgniter\Database\BaseBuilder->insert()
 6 SYSTEMPATH\BaseModel.php(782): CodeIgniter\Model->doInsert([...])
 7 SYSTEMPATH\Model.php(730): CodeIgniter\BaseModel->insert([...], false)
 8 SYSTEMPATH\BaseModel.php(692): CodeIgniter\Model->insert([...], false)
 9 APPPATH\Services\UserService.php(117): CodeIgniter\BaseModel->save([...])
10 APPPATH\Controllers\UserController.php(45): App\Services\UserService->updateUserPass(Object(CodeIgniter\HTTP\IncomingRequest))
11 SYSTEMPATH\CodeIgniter.php(934): App\Controllers\UserController->update()
12 SYSTEMPATH\CodeIgniter.php(499): CodeIgniter\CodeIgniter->runController(Object(App\Controllers\UserController))
13 SYSTEMPATH\CodeIgniter.php(368): CodeIgniter\CodeIgniter->handleRequest(null, Object(Config\Cache), false)
14 FCPATH\index.php(68): CodeIgniter\CodeIgniter->run()
